*** BCVTB client log file.
*************************.
Writing to socket at time = 6.000000e+06
Assembling buffer.
Write to socket with fd = 732
Buffer        = 2 0 6 0 0 6.000000000000000e+06 1.619460657644359e+01 4.292290910544605e+01 1.680187447281306e+01 7.523908339932015e+00 0.000000000000000e+00 0.000000000000000e+00 

Wrote 165 characters to socket.
Reading from socket.
In readbufferfromsocket: Read -1 chars, maximum is 21644.
Error reading: WSAGetLastError = 10054
Finished exchanging data with socket: simTimRea=0.000000e+00, flag=-1.
Assembling buffer.
Write to socket with fd = 732
Buffer        = 2 -20 

Error writing to socket: Return value = -1.
Error writing to socket: WSAGetLastError = 10054
sendclientmessage wrote flag -20, return value = -1.
Assembling buffer.
Write to socket with fd = 732
Buffer        = 2 -1 

Error writing to socket: Return value = -1.
Error writing to socket: WSAGetLastError = 10054
sendclientmessage wrote flag -1, return value = -1.
